<?xml version="1.0" encoding="UTF-8"?>
<!-- Generated by org.testng.reporters.JUnitReportReporter -->
<testsuite skipped="0" hostname="DESKTOP-8OBLECF" name="com.learnautomation.framework.unittest.UnitTest001_BrowserTest" tests="1" failures="0" timestamp="28 Nov 2020 03:19:43 GMT" time="0.410" errors="0">
  <testcase name="checkBrowser" time="0.410" classname="com.learnautomation.framework.unittest.UnitTest001_BrowserTest"/>
</testsuite> <!-- com.learnautomation.framework.unittest.UnitTest001_BrowserTest -->
