<?xml version="1.0" encoding="UTF-8"?>
<!-- Generated by org.testng.reporters.JUnitReportReporter -->
<testsuite skipped="0" hostname="DESKTOP-8OBLECF" name="com.learnautomation.framework.unittest.UnitTest002_Screenshot" tests="1" failures="0" timestamp="28 Nov 2020 17:00:09 GMT" time="0.007" errors="0">
  <testcase name="checkBrowser" time="0.007" classname="com.learnautomation.framework.unittest.UnitTest002_Screenshot"/>
</testsuite> <!-- com.learnautomation.framework.unittest.UnitTest002_Screenshot -->
