<?xml version="1.0" encoding="UTF-8"?>
<!-- Generated by org.testng.reporters.JUnitReportReporter -->
<testsuite skipped="0" hostname="DESKTOP-8OBLECF" name="com.learnautomation.framework.unittest.UnitTest003_ConfigTest" tests="1" failures="0" timestamp="29 Nov 2020 02:49:45 GMT" time="0.027" errors="0">
  <testcase name="checkConfig" time="0.027" classname="com.learnautomation.framework.unittest.UnitTest003_ConfigTest"/>
</testsuite> <!-- com.learnautomation.framework.unittest.UnitTest003_ConfigTest -->
