<?xml version="1.0" encoding="UTF-8"?>
<!-- Generated by org.testng.reporters.JUnitReportReporter -->
<testsuite skipped="0" hostname="DESKTOP-8OBLECF" name="com.learnautomation.framework.unittest.UnitTest004_ExcelTest" tests="1" failures="0" timestamp="29 Nov 2020 03:02:37 GMT" time="1.558" errors="0">
  <testcase name="checkConfig" time="1.558" classname="com.learnautomation.framework.unittest.UnitTest004_ExcelTest"/>
</testsuite> <!-- com.learnautomation.framework.unittest.UnitTest004_ExcelTest -->
