<?xml version="1.0" encoding="UTF-8"?>
<!-- Generated by org.testng.reporters.JUnitReportReporter -->
<testsuite skipped="0" hostname="DESKTOP-8OBLECF" name="com.learnautomation.framework.testcases.GridDemo" tests="1" failures="0" timestamp="20 Dec 2020 03:35:15 GMT" time="29.774" errors="0">
  <testcase name="loginWithAdmin" time="29.774" classname="com.learnautomation.framework.testcases.GridDemo"/>
</testsuite> <!-- com.learnautomation.framework.testcases.GridDemo -->
